{"/Users/jorgedelacruz07/Projects/Personal/serverless-swapi/src/controllers/PeopleController.js": {"path":"/Users/jorgedelacruz07/Projects/Personal/serverless-swapi/src/controllers/PeopleController.js","statementMap":{"0":{"start":{"line":1,"column":43},"end":{"line":1,"column":78}},"1":{"start":{"line":2,"column":22},"end":{"line":2,"column":58}},"2":{"start":{"line":4,"column":0},"end":{"line":33,"column":2}},"3":{"start":{"line":6,"column":2},"end":{"line":31,"column":3}},"4":{"start":{"line":7,"column":20},"end":{"line":7,"column":25}},"5":{"start":{"line":8,"column":19},"end":{"line":8,"column":37}},"6":{"start":{"line":10,"column":4},"end":{"line":27,"column":5}},"7":{"start":{"line":12,"column":8},"end":{"line":12,"column":40}},"8":{"start":{"line":13,"column":8},"end":{"line":13,"column":14}},"9":{"start":{"line":15,"column":8},"end":{"line":15,"column":47}},"10":{"start":{"line":16,"column":8},"end":{"line":16,"column":14}},"11":{"start":{"line":18,"column":8},"end":{"line":18,"column":47}},"12":{"start":{"line":19,"column":8},"end":{"line":19,"column":14}},"13":{"start":{"line":21,"column":8},"end":{"line":21,"column":47}},"14":{"start":{"line":22,"column":8},"end":{"line":22,"column":14}},"15":{"start":{"line":24,"column":8},"end":{"line":24,"column":47}},"16":{"start":{"line":26,"column":8},"end":{"line":26,"column":37}},"17":{"start":{"line":29,"column":4},"end":{"line":29,"column":28}},"18":{"start":{"line":30,"column":4},"end":{"line":30,"column":70}},"19":{"start":{"line":32,"column":2},"end":{"line":32,"column":16}}},"fnMap":{"0":{"name":"(anonymous_0)","decl":{"start":{"line":4,"column":25},"end":{"line":4,"column":26}},"loc":{"start":{"line":4,"column":42},"end":{"line":33,"column":1}},"line":4}},"branchMap":{"0":{"loc":{"start":{"line":8,"column":19},"end":{"line":8,"column":37}},"type":"binary-expr","locations":[{"start":{"line":8,"column":19},"end":{"line":8,"column":31}},{"start":{"line":8,"column":35},"end":{"line":8,"column":37}}],"line":8},"1":{"loc":{"start":{"line":10,"column":4},"end":{"line":27,"column":5}},"type":"switch","locations":[{"start":{"line":11,"column":6},"end":{"line":13,"column":14}},{"start":{"line":14,"column":6},"end":{"line":16,"column":14}},{"start":{"line":17,"column":6},"end":{"line":19,"column":14}},{"start":{"line":20,"column":6},"end":{"line":22,"column":14}},{"start":{"line":23,"column":6},"end":{"line":24,"column":47}},{"start":{"line":25,"column":6},"end":{"line":26,"column":37}}],"line":10}},"s":{"0":1,"1":1,"2":1,"3":3,"4":3,"5":3,"6":3,"7":0,"8":0,"9":0,"10":0,"11":0,"12":0,"13":0,"14":0,"15":0,"16":3,"17":0,"18":0,"19":3},"f":{"0":3},"b":{"0":[3,3],"1":[0,0,0,0,0,3]},"_coverageSchema":"1a1c01bbd47fc00a2c39e90264f33305004495a9","hash":"f82a30d43b580e711acc9ee44d2ac4d5872b040f"}
,"/Users/jorgedelacruz07/Projects/Personal/serverless-swapi/src/models/Model.js": {"path":"/Users/jorgedelacruz07/Projects/Personal/serverless-swapi/src/models/Model.js","statementMap":{"0":{"start":{"line":1,"column":12},"end":{"line":1,"column":30}},"1":{"start":{"line":5,"column":4},"end":{"line":5,"column":54}},"2":{"start":{"line":9,"column":0},"end":{"line":9,"column":23}}},"fnMap":{"0":{"name":"(anonymous_0)","decl":{"start":{"line":4,"column":2},"end":{"line":4,"column":3}},"loc":{"start":{"line":4,"column":16},"end":{"line":6,"column":3}},"line":4}},"branchMap":{},"s":{"0":1,"1":1,"2":1},"f":{"0":1},"b":{},"_coverageSchema":"1a1c01bbd47fc00a2c39e90264f33305004495a9","hash":"50ec2194791e1a94092297b1ca196c6b8a7d99ab"}
,"/Users/jorgedelacruz07/Projects/Personal/serverless-swapi/src/models/People.js": {"path":"/Users/jorgedelacruz07/Projects/Personal/serverless-swapi/src/models/People.js","statementMap":{"0":{"start":{"line":1,"column":15},"end":{"line":1,"column":32}},"1":{"start":{"line":2,"column":23},"end":{"line":2,"column":38}},"2":{"start":{"line":3,"column":14},"end":{"line":3,"column":32}},"3":{"start":{"line":5,"column":19},"end":{"line":5,"column":48}},"4":{"start":{"line":9,"column":19},"end":{"line":11,"column":5}},"5":{"start":{"line":12,"column":4},"end":{"line":12,"column":54}},"6":{"start":{"line":18,"column":19},"end":{"line":21,"column":5}},"7":{"start":{"line":22,"column":4},"end":{"line":22,"column":53}},"8":{"start":{"line":26,"column":19},"end":{"line":31,"column":5}},"9":{"start":{"line":32,"column":4},"end":{"line":32,"column":53}},"10":{"start":{"line":36,"column":22},"end":{"line":36,"column":42}},"11":{"start":{"line":37,"column":19},"end":{"line":47,"column":5}},"12":{"start":{"line":48,"column":4},"end":{"line":48,"column":56}},"13":{"start":{"line":52,"column":19},"end":{"line":57,"column":5}},"14":{"start":{"line":58,"column":4},"end":{"line":58,"column":56}},"15":{"start":{"line":62,"column":0},"end":{"line":62,"column":29}}},"fnMap":{"0":{"name":"(anonymous_0)","decl":{"start":{"line":8,"column":2},"end":{"line":8,"column":3}},"loc":{"start":{"line":8,"column":17},"end":{"line":13,"column":3}},"line":8},"1":{"name":"(anonymous_1)","decl":{"start":{"line":15,"column":2},"end":{"line":15,"column":3}},"loc":{"start":{"line":15,"column":21},"end":{"line":23,"column":3}},"line":15},"2":{"name":"(anonymous_2)","decl":{"start":{"line":25,"column":2},"end":{"line":25,"column":3}},"loc":{"start":{"line":25,"column":19},"end":{"line":33,"column":3}},"line":25},"3":{"name":"(anonymous_3)","decl":{"start":{"line":35,"column":2},"end":{"line":35,"column":3}},"loc":{"start":{"line":35,"column":25},"end":{"line":49,"column":3}},"line":35},"4":{"name":"(anonymous_4)","decl":{"start":{"line":51,"column":2},"end":{"line":51,"column":3}},"loc":{"start":{"line":51,"column":19},"end":{"line":59,"column":3}},"line":51}},"branchMap":{},"s":{"0":1,"1":1,"2":1,"3":1,"4":0,"5":0,"6":0,"7":0,"8":0,"9":0,"10":0,"11":0,"12":0,"13":0,"14":0,"15":1},"f":{"0":0,"1":0,"2":0,"3":0,"4":0},"b":{},"_coverageSchema":"1a1c01bbd47fc00a2c39e90264f33305004495a9","hash":"3c39deae4ba8e1e8b722d0e02b67999963870312"}
,"/Users/jorgedelacruz07/Projects/Personal/serverless-swapi/src/services/PeopleService.js": {"path":"/Users/jorgedelacruz07/Projects/Personal/serverless-swapi/src/services/PeopleService.js","statementMap":{"0":{"start":{"line":5,"column":4},"end":{"line":5,"column":39}},"1":{"start":{"line":6,"column":20},"end":{"line":6,"column":47}},"2":{"start":{"line":7,"column":14},"end":{"line":7,"column":30}},"3":{"start":{"line":9,"column":20},"end":{"line":9,"column":37}},"4":{"start":{"line":11,"column":17},"end":{"line":11,"column":38}},"5":{"start":{"line":15,"column":4},"end":{"line":34,"column":5}},"6":{"start":{"line":16,"column":19},"end":{"line":16,"column":45}},"7":{"start":{"line":18,"column":6},"end":{"line":30,"column":7}},"8":{"start":{"line":19,"column":8},"end":{"line":24,"column":10}},"9":{"start":{"line":26,"column":8},"end":{"line":29,"column":11}},"10":{"start":{"line":32,"column":6},"end":{"line":32,"column":30}},"11":{"start":{"line":33,"column":6},"end":{"line":33,"column":69}},"12":{"start":{"line":38,"column":4},"end":{"line":49,"column":5}},"13":{"start":{"line":39,"column":21},"end":{"line":39,"column":28}},"14":{"start":{"line":40,"column":19},"end":{"line":40,"column":51}},"15":{"start":{"line":42,"column":6},"end":{"line":45,"column":9}},"16":{"start":{"line":47,"column":6},"end":{"line":47,"column":30}},"17":{"start":{"line":48,"column":6},"end":{"line":48,"column":69}},"18":{"start":{"line":53,"column":4},"end":{"line":82,"column":5}},"19":{"start":{"line":54,"column":17},"end":{"line":54,"column":27}},"20":{"start":{"line":55,"column":17},"end":{"line":55,"column":45}},"21":{"start":{"line":57,"column":6},"end":{"line":78,"column":7}},"22":{"start":{"line":58,"column":8},"end":{"line":58,"column":70}},"23":{"start":{"line":60,"column":8},"end":{"line":60,"column":51}},"24":{"start":{"line":61,"column":8},"end":{"line":71,"column":13}},"25":{"start":{"line":64,"column":12},"end":{"line":67,"column":14}},"26":{"start":{"line":70,"column":12},"end":{"line":70,"column":36}},"27":{"start":{"line":72,"column":8},"end":{"line":77,"column":9}},"28":{"start":{"line":73,"column":10},"end":{"line":73,"column":28}},"29":{"start":{"line":74,"column":10},"end":{"line":74,"column":61}},"30":{"start":{"line":76,"column":10},"end":{"line":76,"column":73}},"31":{"start":{"line":80,"column":6},"end":{"line":80,"column":30}},"32":{"start":{"line":81,"column":6},"end":{"line":81,"column":69}},"33":{"start":{"line":86,"column":4},"end":{"line":95,"column":5}},"34":{"start":{"line":87,"column":17},"end":{"line":87,"column":27}},"35":{"start":{"line":88,"column":21},"end":{"line":88,"column":33}},"36":{"start":{"line":89,"column":19},"end":{"line":89,"column":55}},"37":{"start":{"line":91,"column":6},"end":{"line":91,"column":74}},"38":{"start":{"line":93,"column":6},"end":{"line":93,"column":30}},"39":{"start":{"line":94,"column":6},"end":{"line":94,"column":69}},"40":{"start":{"line":99,"column":4},"end":{"line":110,"column":5}},"41":{"start":{"line":100,"column":17},"end":{"line":100,"column":27}},"42":{"start":{"line":101,"column":19},"end":{"line":101,"column":47}},"43":{"start":{"line":103,"column":6},"end":{"line":106,"column":9}},"44":{"start":{"line":108,"column":6},"end":{"line":108,"column":30}},"45":{"start":{"line":109,"column":6},"end":{"line":109,"column":69}},"46":{"start":{"line":114,"column":0},"end":{"line":114,"column":31}}},"fnMap":{"0":{"name":"(anonymous_0)","decl":{"start":{"line":14,"column":2},"end":{"line":14,"column":3}},"loc":{"start":{"line":14,"column":24},"end":{"line":35,"column":3}},"line":14},"1":{"name":"(anonymous_1)","decl":{"start":{"line":37,"column":2},"end":{"line":37,"column":3}},"loc":{"start":{"line":37,"column":31},"end":{"line":50,"column":3}},"line":37},"2":{"name":"(anonymous_2)","decl":{"start":{"line":52,"column":2},"end":{"line":52,"column":3}},"loc":{"start":{"line":52,"column":31},"end":{"line":83,"column":3}},"line":52},"3":{"name":"(anonymous_3)","decl":{"start":{"line":63,"column":16},"end":{"line":63,"column":17}},"loc":{"start":{"line":63,"column":25},"end":{"line":68,"column":11}},"line":63},"4":{"name":"(anonymous_4)","decl":{"start":{"line":69,"column":17},"end":{"line":69,"column":18}},"loc":{"start":{"line":69,"column":24},"end":{"line":71,"column":11}},"line":69},"5":{"name":"(anonymous_5)","decl":{"start":{"line":85,"column":2},"end":{"line":85,"column":3}},"loc":{"start":{"line":85,"column":31},"end":{"line":96,"column":3}},"line":85},"6":{"name":"(anonymous_6)","decl":{"start":{"line":98,"column":2},"end":{"line":98,"column":3}},"loc":{"start":{"line":98,"column":31},"end":{"line":111,"column":3}},"line":98}},"branchMap":{"0":{"loc":{"start":{"line":18,"column":6},"end":{"line":30,"column":7}},"type":"if","locations":[{"start":{"line":18,"column":6},"end":{"line":30,"column":7}},{"start":{"line":18,"column":6},"end":{"line":30,"column":7}}],"line":18},"1":{"loc":{"start":{"line":57,"column":6},"end":{"line":78,"column":7}},"type":"if","locations":[{"start":{"line":57,"column":6},"end":{"line":78,"column":7}},{"start":{"line":57,"column":6},"end":{"line":78,"column":7}}],"line":57},"2":{"loc":{"start":{"line":72,"column":8},"end":{"line":77,"column":9}},"type":"if","locations":[{"start":{"line":72,"column":8},"end":{"line":77,"column":9}},{"start":{"line":72,"column":8},"end":{"line":77,"column":9}}],"line":72}},"s":{"0":1,"1":1,"2":1,"3":1,"4":1,"5":0,"6":0,"7":0,"8":0,"9":0,"10":0,"11":0,"12":0,"13":0,"14":0,"15":0,"16":0,"17":0,"18":0,"19":0,"20":0,"21":0,"22":0,"23":0,"24":0,"25":0,"26":0,"27":0,"28":0,"29":0,"30":0,"31":0,"32":0,"33":0,"34":0,"35":0,"36":0,"37":0,"38":0,"39":0,"40":0,"41":0,"42":0,"43":0,"44":0,"45":0,"46":1},"f":{"0":0,"1":0,"2":0,"3":0,"4":0,"5":0,"6":0},"b":{"0":[0,0],"1":[0,0],"2":[0,0]},"_coverageSchema":"1a1c01bbd47fc00a2c39e90264f33305004495a9","hash":"f60b92380a370faaf32ff878ece57a1c2db895b1"}
,"/Users/jorgedelacruz07/Projects/Personal/serverless-swapi/src/utils/lambda-response.js": {"path":"/Users/jorgedelacruz07/Projects/Personal/serverless-swapi/src/utils/lambda-response.js","statementMap":{"0":{"start":{"line":1,"column":23},"end":{"line":14,"column":1}},"1":{"start":{"line":2,"column":19},"end":{"line":5,"column":3}},"2":{"start":{"line":7,"column":2},"end":{"line":11,"column":3}},"3":{"start":{"line":8,"column":4},"end":{"line":10,"column":6}},"4":{"start":{"line":13,"column":2},"end":{"line":13,"column":18}},"5":{"start":{"line":16,"column":0},"end":{"line":20,"column":5}},"6":{"start":{"line":17,"column":2},"end":{"line":20,"column":4}},"7":{"start":{"line":22,"column":0},"end":{"line":26,"column":5}},"8":{"start":{"line":23,"column":2},"end":{"line":26,"column":4}},"9":{"start":{"line":28,"column":0},"end":{"line":32,"column":5}},"10":{"start":{"line":29,"column":2},"end":{"line":32,"column":4}},"11":{"start":{"line":34,"column":0},"end":{"line":38,"column":5}},"12":{"start":{"line":35,"column":2},"end":{"line":38,"column":4}}},"fnMap":{"0":{"name":"(anonymous_0)","decl":{"start":{"line":1,"column":23},"end":{"line":1,"column":24}},"loc":{"start":{"line":1,"column":68},"end":{"line":14,"column":1}},"line":1},"1":{"name":"(anonymous_1)","decl":{"start":{"line":16,"column":33},"end":{"line":16,"column":34}},"loc":{"start":{"line":17,"column":2},"end":{"line":20,"column":4}},"line":17},"2":{"name":"(anonymous_2)","decl":{"start":{"line":22,"column":31},"end":{"line":22,"column":32}},"loc":{"start":{"line":23,"column":2},"end":{"line":26,"column":4}},"line":23},"3":{"name":"(anonymous_3)","decl":{"start":{"line":28,"column":32},"end":{"line":28,"column":33}},"loc":{"start":{"line":29,"column":2},"end":{"line":32,"column":4}},"line":29},"4":{"name":"(anonymous_4)","decl":{"start":{"line":34,"column":38},"end":{"line":34,"column":39}},"loc":{"start":{"line":35,"column":2},"end":{"line":38,"column":4}},"line":35}},"branchMap":{"0":{"loc":{"start":{"line":1,"column":44},"end":{"line":1,"column":61}},"type":"default-arg","locations":[{"start":{"line":1,"column":56},"end":{"line":1,"column":61}}],"line":1},"1":{"loc":{"start":{"line":7,"column":2},"end":{"line":11,"column":3}},"type":"if","locations":[{"start":{"line":7,"column":2},"end":{"line":11,"column":3}},{"start":{"line":7,"column":2},"end":{"line":11,"column":3}}],"line":7}},"s":{"0":1,"1":3,"2":3,"3":0,"4":3,"5":1,"6":3,"7":1,"8":0,"9":1,"10":0,"11":1,"12":0},"f":{"0":3,"1":3,"2":0,"3":0,"4":0},"b":{"0":[3],"1":[0,3]},"_coverageSchema":"1a1c01bbd47fc00a2c39e90264f33305004495a9","hash":"86d1b67ebd6885979008d53b3dada6f9d515e79e"}
}
