TN:
SF:src/controllers/PeopleController.js
FN:4,(anonymous_0)
FNF:1
FNH:1
FNDA:3,(anonymous_0)
DA:1,1
DA:2,1
DA:4,1
DA:6,3
DA:7,3
DA:8,3
DA:10,3
DA:12,0
DA:13,0
DA:15,0
DA:16,0
DA:18,0
DA:19,0
DA:21,0
DA:22,0
DA:24,0
DA:26,3
DA:29,0
DA:30,0
DA:32,3
LF:20
LH:9
BRDA:8,0,0,3
BRDA:8,0,1,3
BRDA:10,1,0,0
BRDA:10,1,1,0
BRDA:10,1,2,0
BRDA:10,1,3,0
BRDA:10,1,4,0
BRDA:10,1,5,3
BRF:8
BRH:3
end_of_record
TN:
SF:src/models/Model.js
FN:4,(anonymous_0)
FNF:1
FNH:1
FNDA:1,(anonymous_0)
DA:1,1
DA:5,1
DA:9,1
LF:3
LH:3
BRF:0
BRH:0
end_of_record
TN:
SF:src/models/People.js
FN:8,(anonymous_0)
FN:15,(anonymous_1)
FN:25,(anonymous_2)
FN:35,(anonymous_3)
FN:51,(anonymous_4)
FNF:5
FNH:0
FNDA:0,(anonymous_0)
FNDA:0,(anonymous_1)
FNDA:0,(anonymous_2)
FNDA:0,(anonymous_3)
FNDA:0,(anonymous_4)
DA:1,1
DA:2,1
DA:3,1
DA:5,1
DA:9,0
DA:12,0
DA:18,0
DA:22,0
DA:26,0
DA:32,0
DA:36,0
DA:37,0
DA:48,0
DA:52,0
DA:58,0
DA:62,1
LF:16
LH:5
BRF:0
BRH:0
end_of_record
TN:
SF:src/services/PeopleService.js
FN:14,(anonymous_0)
FN:37,(anonymous_1)
FN:52,(anonymous_2)
FN:63,(anonymous_3)
FN:69,(anonymous_4)
FN:85,(anonymous_5)
FN:98,(anonymous_6)
FNF:7
FNH:0
FNDA:0,(anonymous_0)
FNDA:0,(anonymous_1)
FNDA:0,(anonymous_2)
FNDA:0,(anonymous_3)
FNDA:0,(anonymous_4)
FNDA:0,(anonymous_5)
FNDA:0,(anonymous_6)
DA:5,1
DA:6,1
DA:7,1
DA:9,1
DA:11,1
DA:15,0
DA:16,0
DA:18,0
DA:19,0
DA:26,0
DA:32,0
DA:33,0
DA:38,0
DA:39,0
DA:40,0
DA:42,0
DA:47,0
DA:48,0
DA:53,0
DA:54,0
DA:55,0
DA:57,0
DA:58,0
DA:60,0
DA:61,0
DA:64,0
DA:70,0
DA:72,0
DA:73,0
DA:74,0
DA:76,0
DA:80,0
DA:81,0
DA:86,0
DA:87,0
DA:88,0
DA:89,0
DA:91,0
DA:93,0
DA:94,0
DA:99,0
DA:100,0
DA:101,0
DA:103,0
DA:108,0
DA:109,0
DA:114,1
LF:47
LH:6
BRDA:18,0,0,0
BRDA:18,0,1,0
BRDA:57,1,0,0
BRDA:57,1,1,0
BRDA:72,2,0,0
BRDA:72,2,1,0
BRF:6
BRH:0
end_of_record
TN:
SF:src/utils/lambda-response.js
FN:1,(anonymous_0)
FN:16,(anonymous_1)
FN:22,(anonymous_2)
FN:28,(anonymous_3)
FN:34,(anonymous_4)
FNF:5
FNH:2
FNDA:3,(anonymous_0)
FNDA:3,(anonymous_1)
FNDA:0,(anonymous_2)
FNDA:0,(anonymous_3)
FNDA:0,(anonymous_4)
DA:1,1
DA:2,3
DA:7,3
DA:8,0
DA:13,3
DA:16,1
DA:17,3
DA:22,1
DA:23,0
DA:28,1
DA:29,0
DA:34,1
DA:35,0
LF:13
LH:9
BRDA:1,0,0,3
BRDA:7,1,0,0
BRDA:7,1,1,3
BRF:3
BRH:2
end_of_record
